c:\users\alexander riccio\downloads\hexeditor_0_9_5_src\hexeditor\projects\2003\debug\vc120.pdb
c:\users\alexander riccio\downloads\hexeditor_0_9_5_src\hexeditor\projects\2003\debug\vc120.idb
c:\users\alexander riccio\downloads\hexeditor_0_9_5_src\hexeditor\projects\2003\debug\staticdialog1.nativecodeanalysis.xml
c:\users\alexander riccio\downloads\hexeditor_0_9_5_src\hexeditor\projects\2003\debug\staticdialog1.obj
c:\users\alexander riccio\downloads\hexeditor_0_9_5_src\hexeditor\projects\2003\debug\stdafx1.nativecodeanalysis.xml
c:\users\alexander riccio\downloads\hexeditor_0_9_5_src\hexeditor\projects\2003\debug\stdafx1.obj
c:\users\alexander riccio\downloads\hexeditor_0_9_5_src\hexeditor\projects\2003\debug\sysmsg1.nativecodeanalysis.xml
c:\users\alexander riccio\downloads\hexeditor_0_9_5_src\hexeditor\projects\2003\debug\sysmsg1.obj
c:\users\alexander riccio\downloads\hexeditor_0_9_5_src\hexeditor\projects\2003\debug\utf8_16.nativecodeanalysis.xml
c:\users\alexander riccio\downloads\hexeditor_0_9_5_src\hexeditor\projects\2003\debug\gotodialog.nativecodeanalysis.xml
c:\users\alexander riccio\downloads\hexeditor_0_9_5_src\hexeditor\projects\2003\debug\comparedialog.nativecodeanalysis.xml
c:\users\alexander riccio\downloads\hexeditor_0_9_5_src\hexeditor\projects\2003\debug\optiondialog.nativecodeanalysis.xml
c:\users\alexander riccio\downloads\hexeditor_0_9_5_src\hexeditor\projects\2003\debug\columndialog.nativecodeanalysis.xml
c:\users\alexander riccio\downloads\hexeditor_0_9_5_src\hexeditor\projects\2003\debug\multitypecombo.nativecodeanalysis.xml
c:\users\alexander riccio\downloads\hexeditor_0_9_5_src\hexeditor\projects\2003\debug\modifymenu.nativecodeanalysis.xml
c:\users\alexander riccio\downloads\hexeditor_0_9_5_src\hexeditor\projects\2003\debug\colorpopup.nativecodeanalysis.xml
c:\users\alexander riccio\downloads\hexeditor_0_9_5_src\hexeditor\projects\2003\debug\colorcombo.nativecodeanalysis.xml
c:\users\alexander riccio\downloads\hexeditor_0_9_5_src\hexeditor\projects\2003\debug\urlctrl.nativecodeanalysis.xml
c:\users\alexander riccio\downloads\hexeditor_0_9_5_src\hexeditor\projects\2003\debug\tooltip.nativecodeanalysis.xml
c:\users\alexander riccio\downloads\hexeditor_0_9_5_src\hexeditor\projects\2003\debug\helpdialog.nativecodeanalysis.xml
c:\users\alexander riccio\downloads\hexeditor_0_9_5_src\hexeditor\projects\2003\debug\helpdialog.obj
c:\users\alexander riccio\downloads\hexeditor_0_9_5_src\hexeditor\projects\2003\debug\tooltip.obj
c:\users\alexander riccio\downloads\hexeditor_0_9_5_src\hexeditor\projects\2003\debug\urlctrl.obj
c:\users\alexander riccio\downloads\hexeditor_0_9_5_src\hexeditor\projects\2003\debug\colorcombo.obj
c:\users\alexander riccio\downloads\hexeditor_0_9_5_src\hexeditor\projects\2003\debug\colorpopup.obj
c:\users\alexander riccio\downloads\hexeditor_0_9_5_src\hexeditor\projects\2003\debug\modifymenu.obj
c:\users\alexander riccio\downloads\hexeditor_0_9_5_src\hexeditor\projects\2003\debug\multitypecombo.obj
c:\users\alexander riccio\downloads\hexeditor_0_9_5_src\hexeditor\projects\2003\debug\columndialog.obj
c:\users\alexander riccio\downloads\hexeditor_0_9_5_src\hexeditor\projects\2003\debug\optiondialog.obj
c:\users\alexander riccio\downloads\hexeditor_0_9_5_src\hexeditor\projects\2003\debug\comparedialog.obj
c:\users\alexander riccio\downloads\hexeditor_0_9_5_src\hexeditor\projects\2003\debug\gotodialog.obj
c:\users\alexander riccio\downloads\hexeditor_0_9_5_src\hexeditor\projects\2003\debug\utf8_16.obj
c:\users\alexander riccio\downloads\hexeditor_0_9_5_src\hexeditor\projects\2003\debug\hex.nativecodeanalysis.xml
c:\users\alexander riccio\downloads\hexeditor_0_9_5_src\hexeditor\projects\2003\debug\hex.obj
c:\users\alexander riccio\documents\github\hex-edit\hexeditor_0_9_5_src\hexeditor\projects\2003\debug\vc120.pdb
c:\users\alexander riccio\documents\github\hex-edit\hexeditor_0_9_5_src\hexeditor\projects\2003\debug\vc120.idb
c:\users\alexander riccio\documents\github\hex-edit\hexeditor_0_9_5_src\hexeditor\projects\2003\debug\patterndialog.nativecodeanalysis.xml
c:\users\alexander riccio\documents\github\hex-edit\hexeditor_0_9_5_src\hexeditor\projects\2003\debug\findreplacedialog.nativecodeanalysis.xml
c:\users\alexander riccio\documents\github\hex-edit\hexeditor_0_9_5_src\hexeditor\projects\2003\debug\findreplacedialog.obj
c:\users\alexander riccio\documents\github\hex-edit\hexeditor_0_9_5_src\hexeditor\projects\2003\debug\patterndialog.obj
c:\users\alexander riccio\documents\github\hex-edit\hexeditor_0_9_5_src\hexeditor\projects\2003\debug\staticdialog1.nativecodeanalysis.xml
c:\users\alexander riccio\documents\github\hex-edit\hexeditor_0_9_5_src\hexeditor\projects\2003\debug\staticdialog1.obj
c:\users\alexander riccio\documents\github\hex-edit\hexeditor_0_9_5_src\hexeditor\projects\2003\debug\stdafx1.nativecodeanalysis.xml
c:\users\alexander riccio\documents\github\hex-edit\hexeditor_0_9_5_src\hexeditor\projects\2003\debug\stdafx1.obj
c:\users\alexander riccio\documents\github\hex-edit\hexeditor_0_9_5_src\hexeditor\projects\2003\debug\sysmsg1.nativecodeanalysis.xml
c:\users\alexander riccio\documents\github\hex-edit\hexeditor_0_9_5_src\hexeditor\projects\2003\debug\sysmsg1.obj
c:\users\alexander riccio\documents\github\hex-edit\hexeditor_0_9_5_src\hexeditor\projects\2003\debug\utf8_16.nativecodeanalysis.xml
c:\users\alexander riccio\documents\github\hex-edit\hexeditor_0_9_5_src\hexeditor\projects\2003\debug\gotodialog.nativecodeanalysis.xml
c:\users\alexander riccio\documents\github\hex-edit\hexeditor_0_9_5_src\hexeditor\projects\2003\debug\comparedialog.nativecodeanalysis.xml
c:\users\alexander riccio\documents\github\hex-edit\hexeditor_0_9_5_src\hexeditor\projects\2003\debug\optiondialog.nativecodeanalysis.xml
c:\users\alexander riccio\documents\github\hex-edit\hexeditor_0_9_5_src\hexeditor\projects\2003\debug\columndialog.nativecodeanalysis.xml
c:\users\alexander riccio\documents\github\hex-edit\hexeditor_0_9_5_src\hexeditor\projects\2003\debug\multitypecombo.nativecodeanalysis.xml
c:\users\alexander riccio\documents\github\hex-edit\hexeditor_0_9_5_src\hexeditor\projects\2003\debug\modifymenu.nativecodeanalysis.xml
c:\users\alexander riccio\documents\github\hex-edit\hexeditor_0_9_5_src\hexeditor\projects\2003\debug\colorpopup.nativecodeanalysis.xml
c:\users\alexander riccio\documents\github\hex-edit\hexeditor_0_9_5_src\hexeditor\projects\2003\debug\colorcombo.nativecodeanalysis.xml
c:\users\alexander riccio\documents\github\hex-edit\hexeditor_0_9_5_src\hexeditor\projects\2003\debug\hexdialog.nativecodeanalysis.xml
c:\users\alexander riccio\documents\github\hex-edit\hexeditor_0_9_5_src\hexeditor\projects\2003\debug\hex.nativecodeanalysis.xml
c:\users\alexander riccio\documents\github\hex-edit\hexeditor_0_9_5_src\hexeditor\projects\2003\debug\urlctrl.nativecodeanalysis.xml
c:\users\alexander riccio\documents\github\hex-edit\hexeditor_0_9_5_src\hexeditor\projects\2003\debug\tooltip.nativecodeanalysis.xml
c:\users\alexander riccio\documents\github\hex-edit\hexeditor_0_9_5_src\hexeditor\projects\2003\debug\helpdialog.nativecodeanalysis.xml
c:\users\alexander riccio\documents\github\hex-edit\hexeditor_0_9_5_src\hexeditor\projects\2003\debug\helpdialog.obj
c:\users\alexander riccio\documents\github\hex-edit\hexeditor_0_9_5_src\hexeditor\projects\2003\debug\tooltip.obj
c:\users\alexander riccio\documents\github\hex-edit\hexeditor_0_9_5_src\hexeditor\projects\2003\debug\urlctrl.obj
c:\users\alexander riccio\documents\github\hex-edit\hexeditor_0_9_5_src\hexeditor\projects\2003\debug\hex.obj
c:\users\alexander riccio\documents\github\hex-edit\hexeditor_0_9_5_src\hexeditor\projects\2003\debug\hexdialog.obj
c:\users\alexander riccio\documents\github\hex-edit\hexeditor_0_9_5_src\hexeditor\projects\2003\debug\colorcombo.obj
c:\users\alexander riccio\documents\github\hex-edit\hexeditor_0_9_5_src\hexeditor\projects\2003\debug\colorpopup.obj
c:\users\alexander riccio\documents\github\hex-edit\hexeditor_0_9_5_src\hexeditor\projects\2003\debug\modifymenu.obj
c:\users\alexander riccio\documents\github\hex-edit\hexeditor_0_9_5_src\hexeditor\projects\2003\debug\multitypecombo.obj
c:\users\alexander riccio\documents\github\hex-edit\hexeditor_0_9_5_src\hexeditor\projects\2003\debug\columndialog.obj
c:\users\alexander riccio\documents\github\hex-edit\hexeditor_0_9_5_src\hexeditor\projects\2003\debug\optiondialog.obj
c:\users\alexander riccio\documents\github\hex-edit\hexeditor_0_9_5_src\hexeditor\projects\2003\debug\comparedialog.obj
c:\users\alexander riccio\documents\github\hex-edit\hexeditor_0_9_5_src\hexeditor\projects\2003\debug\gotodialog.obj
c:\users\alexander riccio\documents\github\hex-edit\hexeditor_0_9_5_src\hexeditor\projects\2003\debug\utf8_16.obj
c:\users\alexander riccio\documents\github\hex-edit\hexeditor_0_9_5_src\hexeditor\projects\2003\debug\hexeditor.lib
c:\users\alexander riccio\documents\github\hex-edit\hexeditor_0_9_5_src\hexeditor\projects\2003\debug\hexeditor.exp
c:\users\alexander riccio\documents\github\hex-edit\hexeditor_0_9_5_src\hexeditor\projects\2003\debug\hexeditor.ilk
c:\users\alexander riccio\documents\github\hex-edit\hexeditor_0_9_5_src\hexeditor\projects\2003\debug\hexeditor.dll
c:\users\alexander riccio\documents\github\hex-edit\hexeditor_0_9_5_src\hexeditor\projects\2003\debug\hexeditor.pdb
c:\users\alexander riccio\documents\github\hex-edit\hexeditor_0_9_5_src\hexeditor\projects\2003\debug\hexdialog.res
c:\users\alexander riccio\documents\github\hex-edit\hexeditor_0_9_5_src\hexeditor\projects\2003\debug\nativecodeanalysis.read.1.tlog
c:\users\alexander riccio\documents\github\hex-edit\hexeditor_0_9_5_src\hexeditor\projects\2003\debug\vc.nativecodeanalysis.all.xml
c:\users\alexander riccio\documents\github\hex-edit\hexeditor_0_9_5_src\hexeditor\projects\2003\debug\hexeditor.tlog\cl.command.1.tlog
c:\users\alexander riccio\documents\github\hex-edit\hexeditor_0_9_5_src\hexeditor\projects\2003\debug\hexeditor.tlog\cl.read.1.tlog
c:\users\alexander riccio\documents\github\hex-edit\hexeditor_0_9_5_src\hexeditor\projects\2003\debug\hexeditor.tlog\cl.write.1.tlog
c:\users\alexander riccio\documents\github\hex-edit\hexeditor_0_9_5_src\hexeditor\projects\2003\debug\hexeditor.tlog\hexeditor.write.1u.tlog
c:\users\alexander riccio\documents\github\hex-edit\hexeditor_0_9_5_src\hexeditor\projects\2003\debug\hexeditor.tlog\link.command.1.tlog
c:\users\alexander riccio\documents\github\hex-edit\hexeditor_0_9_5_src\hexeditor\projects\2003\debug\hexeditor.tlog\link.read.1.tlog
c:\users\alexander riccio\documents\github\hex-edit\hexeditor_0_9_5_src\hexeditor\projects\2003\debug\hexeditor.tlog\link.write.1.tlog
c:\users\alexander riccio\documents\github\hex-edit\hexeditor_0_9_5_src\hexeditor\projects\2003\debug\hexeditor.tlog\rc.command.1.tlog
c:\users\alexander riccio\documents\github\hex-edit\hexeditor_0_9_5_src\hexeditor\projects\2003\debug\hexeditor.tlog\rc.read.1.tlog
c:\users\alexander riccio\documents\github\hex-edit\hexeditor_0_9_5_src\hexeditor\projects\2003\debug\hexeditor.tlog\rc.write.1.tlog
